[2026-03-16 23:03:04] Updating appointment. POST: {"appointment_id":"2","status":"approved"}
[2026-03-16 23:03:04] Update successful. Affected rows: 1
[2026-03-16 23:03:04] Notification created.
[2026-03-16 23:54:09] Updating appointment. POST: {"appointment_id":"3","status":"approved","reason":""}
[2026-03-16 23:54:09] Update successful. Affected rows: 1
[2026-03-16 23:54:09] Notification created.
[2026-03-17 00:24:30] Updating appointment. POST: {"appointment_id":"2","status":"completed","reason":""}
[2026-03-17 00:24:30] Update successful. Affected rows: 1
[2026-03-17 00:24:30] Notification created.
[2026-03-17 16:31:17] Updating appointment. POST: {"appointment_id":"4","status":"approved","reason":""}
[2026-03-17 16:31:17] Update successful. Affected rows: 1
[2026-03-17 16:31:17] Notification created.
[2026-03-17 22:53:12] Updating appointment. POST: {"appointment_id":"5","status":"approved","reason":""}
[2026-03-17 22:53:12] Update successful. Affected rows: 1
[2026-03-17 22:53:12] Notification created.
[2026-03-19 20:55:30] Updating appointment. POST: {"appointment_id":"6","status":"approved","reason":""}
[2026-03-19 20:55:30] Update successful. Affected rows: 1
[2026-03-19 20:55:30] Notification created.
[2026-03-20 08:07:13] Updating appointment. POST: {"appointment_id":"7","status":"approved"}
[2026-03-20 08:07:13] Update successful. Affected rows: 1
[2026-03-20 08:07:13] Notification created.
[2026-03-20 08:07:24] Updating appointment. POST: {"appointment_id":"1","status":"completed","reason":""}
[2026-03-20 08:07:24] Update successful. Affected rows: 1
[2026-03-20 08:07:24] Notification created.
[2026-03-20 08:07:27] Updating appointment. POST: {"appointment_id":"4","status":"completed","reason":""}
[2026-03-20 08:07:27] Update successful. Affected rows: 1
[2026-03-20 08:07:27] Notification created.
[2026-03-20 08:07:29] Updating appointment. POST: {"appointment_id":"5","status":"completed","reason":""}
[2026-03-20 08:07:29] Update successful. Affected rows: 1
[2026-03-20 08:07:29] Notification created.
[2026-03-20 08:07:30] Updating appointment. POST: {"appointment_id":"6","status":"completed","reason":""}
[2026-03-20 08:07:30] Update successful. Affected rows: 1
[2026-03-20 08:07:30] Notification created.
